#
# There is insufficient memory for the Java Runtime Environment to continue.
# Native memory allocation (mmap) failed to map 6291456 bytes. Error detail: G1 virtual space
# Possible reasons:
#   The system is out of physical RAM or swap space
#   This process is running with CompressedOops enabled, and the Java Heap may be blocking the growth of the native heap
# Possible solutions:
#   Reduce memory load on the system
#   Increase physical memory or swap space
#   Check if swap backing store is full
#   Decrease Java heap size (-Xmx/-Xms)
#   Decrease number of Java threads
#   Decrease Java thread stack sizes (-Xss)
#   Set larger code cache with -XX:ReservedCodeCacheSize=
#   JVM is running with Unscaled Compressed Oops mode in which the Java heap is
#     placed in the first 4GB address space. The Java Heap base address is the
#     maximum limit for the native heap growth. Please use -XX:HeapBaseMinAddress
#     to set the Java Heap base and to place the Java Heap above 4GB virtual address.
# This output file may be truncated or incomplete.
#
#  Out of Memory Error (os_windows.cpp:3703), pid=8312, tid=11096
#
# JRE version: Java(TM) SE Runtime Environment (23.0.1+11) (build 23.0.1+11-39)
# Java VM: Java HotSpot(TM) 64-Bit Server VM (23.0.1+11-39, mixed mode, sharing, tiered, compressed oops, compressed class ptrs, g1 gc, windows-amd64)
# No core dump will be written. Minidumps are not enabled by default on client versions of Windows
#

---------------  S U M M A R Y ------------

Command Line: --add-opens=java.base/java.util=ALL-UNNAMED --add-opens=java.base/java.lang=ALL-UNNAMED --add-opens=java.base/java.lang.invoke=ALL-UNNAMED --add-opens=java.prefs/java.util.prefs=ALL-UNNAMED --add-opens=java.base/java.nio.charset=ALL-UNNAMED --add-opens=java.base/java.net=ALL-UNNAMED --add-opens=java.base/java.util.concurrent.atomic=ALL-UNNAMED -Xmx2048m -Dfile.encoding=UTF-8 -Duser.country=AU -Duser.language=en -Duser.variant -javaagent:C:\Users\sonlt\AndroidStudioProjects\HappyBirthday\.gradle\wrapper\dists\gradle-8.7-bin\bhs2wmbdwecv87pi65oeuq5iu\gradle-8.7\lib\agents\gradle-instrumentation-agent-8.7.jar org.gradle.launcher.daemon.bootstrap.GradleDaemon 8.7

Host: 11th Gen Intel(R) Core(TM) i5-1135G7 @ 2.40GHz, 8 cores, 7G,  Windows 11 , 64 bit Build 26100 (10.0.26100.2454)
Time: Mon Dec 23 23:24:03 2024 SE Asia Standard Time elapsed time: 57.025196 seconds (0d 0h 0m 57s)

---------------  T H R E A D  ---------------

Current thread (0x000001db6339c700):  VMThread "VM Thread"          [id=11096, stack(0x000000aff4800000,0x000000aff4900000) (1024K)]

Stack: [0x000000aff4800000,0x000000aff4900000]
Native frames: (J=compiled Java code, j=interpreted, Vv=VM code, C=native code)
V  [jvm.dll+0x6e08b9]  (no source info available)
V  [jvm.dll+0x87dc83]  (no source info available)
V  [jvm.dll+0x88010e]  (no source info available)
V  [jvm.dll+0x8807e3]  (no source info available)
V  [jvm.dll+0x27aee6]  (no source info available)
V  [jvm.dll+0x6dd1c5]  (no source info available)
V  [jvm.dll+0x6d104a]  (no source info available)
V  [jvm.dll+0x35b3ea]  (no source info available)
V  [jvm.dll+0x3637f6]  (no source info available)
V  [jvm.dll+0x34fd5e]  (no source info available)
V  [jvm.dll+0x34fff8]  (no source info available)
V  [jvm.dll+0x3289cc]  (no source info available)
V  [jvm.dll+0x32b3b9]  (no source info available)
V  [jvm.dll+0x335f74]  (no source info available)
V  [jvm.dll+0x372d55]  (no source info available)
V  [jvm.dll+0x886720]  (no source info available)
V  [jvm.dll+0x887a47]  (no source info available)
V  [jvm.dll+0x887f78]  (no source info available)
V  [jvm.dll+0x888213]  (no source info available)
V  [jvm.dll+0x824f8b]  (no source info available)
V  [jvm.dll+0x6df065]  (no source info available)
C  [ucrtbase.dll+0x14ea0]  (no source info available)
C  [KERNEL32.DLL+0x2e8d7]  (no source info available)
C  [ntdll.dll+0xdfbcc]  (no source info available)

VM_Operation (0x000000aff43ff790): G1PauseRemark, mode: safepoint, requested by thread 0x000001db44576010


---------------  P R O C E S S  ---------------

Threads class SMR info:
_java_thread_list=0x000001db727f4f20, length=31, elements={
0x000001db441c43b0, 0x000001db633b6940, 0x000001db633b7750, 0x000001db633bca50,
0x000001db633bf760, 0x000001db633c0440, 0x000001db633c3690, 0x000001db633ceaa0,
0x000001db633dfd00, 0x000001db410f0c90, 0x000001db4125a9d0, 0x000001db42865130,
0x000001db4190dd60, 0x000001db417c7580, 0x000001db42ada510, 0x000001db42adbee0,
0x000001db42a1e920, 0x000001db42a376f0, 0x000001db42a397c0, 0x000001db42a37d80,
0x000001db42a37060, 0x000001db42a38410, 0x000001db42a38aa0, 0x000001db42a39130,
0x000001db6990f2c0, 0x000001db6990e5a0, 0x000001db6990d880, 0x000001db6990d1f0,
0x000001db69910d00, 0x000001db6990f950, 0x000001db6990ec30
}

Java Threads: ( => current thread )
  0x000001db441c43b0 JavaThread "main"                              [_thread_blocked, id=9944, stack(0x000000aff4100000,0x000000aff4200000) (1024K)]
  0x000001db633b6940 JavaThread "Reference Handler"          daemon [_thread_blocked, id=3320, stack(0x000000aff4900000,0x000000aff4a00000) (1024K)]
  0x000001db633b7750 JavaThread "Finalizer"                  daemon [_thread_blocked, id=17748, stack(0x000000aff4a00000,0x000000aff4b00000) (1024K)]
  0x000001db633bca50 JavaThread "Signal Dispatcher"          daemon [_thread_blocked, id=14792, stack(0x000000aff4b00000,0x000000aff4c00000) (1024K)]
  0x000001db633bf760 JavaThread "Attach Listener"            daemon [_thread_blocked, id=17388, stack(0x000000aff4c00000,0x000000aff4d00000) (1024K)]
  0x000001db633c0440 JavaThread "Service Thread"             daemon [_thread_blocked, id=13440, stack(0x000000aff4d00000,0x000000aff4e00000) (1024K)]
  0x000001db633c3690 JavaThread "Monitor Deflation Thread"   daemon [_thread_blocked, id=13796, stack(0x000000aff4e00000,0x000000aff4f00000) (1024K)]
  0x000001db633ceaa0 JavaThread "C2 CompilerThread0"         daemon [_thread_blocked, id=11700, stack(0x000000aff4f00000,0x000000aff5000000) (1024K)]
  0x000001db633dfd00 JavaThread "C1 CompilerThread0"         daemon [_thread_blocked, id=17772, stack(0x000000aff5000000,0x000000aff5100000) (1024K)]
  0x000001db410f0c90 JavaThread "Common-Cleaner"             daemon [_thread_blocked, id=19168, stack(0x000000aff5100000,0x000000aff5200000) (1024K)]
  0x000001db4125a9d0 JavaThread "Notification Thread"        daemon [_thread_blocked, id=3620, stack(0x000000aff5200000,0x000000aff5300000) (1024K)]
  0x000001db42865130 JavaThread "Daemon health stats"               [_thread_blocked, id=7516, stack(0x000000aff5900000,0x000000aff5a00000) (1024K)]
  0x000001db4190dd60 JavaThread "Incoming local TCP Connector on port 63601"        [_thread_in_native, id=16776, stack(0x000000aff5800000,0x000000aff5900000) (1024K)]
  0x000001db417c7580 JavaThread "Daemon periodic checks"            [_thread_blocked, id=13844, stack(0x000000aff5a00000,0x000000aff5b00000) (1024K)]
  0x000001db42ada510 JavaThread "Daemon"                            [_thread_blocked, id=16944, stack(0x000000aff5b00000,0x000000aff5c00000) (1024K)]
  0x000001db42adbee0 JavaThread "Handler for socket connection from /127.0.0.1:63601 to /127.0.0.1:63602"        [_thread_in_native, id=8984, stack(0x000000aff5c00000,0x000000aff5d00000) (1024K)]
  0x000001db42a1e920 JavaThread "Cancel handler"                    [_thread_blocked, id=2496, stack(0x000000aff5d00000,0x000000aff5e00000) (1024K)]
  0x000001db42a376f0 JavaThread "Daemon worker"                     [_thread_blocked, id=13840, stack(0x000000aff5e00000,0x000000aff5f00000) (1024K)]
  0x000001db42a397c0 JavaThread "Asynchronous log dispatcher for DefaultDaemonConnection: socket connection from /127.0.0.1:63601 to /127.0.0.1:63602"        [_thread_blocked, id=9900, stack(0x000000aff5f00000,0x000000aff6000000) (1024K)]
  0x000001db42a37d80 JavaThread "Stdin handler"                     [_thread_blocked, id=6256, stack(0x000000aff6000000,0x000000aff6100000) (1024K)]
  0x000001db42a37060 JavaThread "Daemon client event forwarder"        [_thread_blocked, id=3716, stack(0x000000aff6100000,0x000000aff6200000) (1024K)]
  0x000001db42a38410 JavaThread "Cache worker for journal cache (C:\Users\sonlt\AndroidStudioProjects\HappyBirthday\.gradle\caches\journal-1)"        [_thread_blocked, id=4256, stack(0x000000aff6400000,0x000000aff6500000) (1024K)]
  0x000001db42a38aa0 JavaThread "File lock request listener"        [_thread_in_native, id=14684, stack(0x000000aff6500000,0x000000aff6600000) (1024K)]
  0x000001db42a39130 JavaThread "Cache worker for file hash cache (C:\Users\sonlt\AndroidStudioProjects\HappyBirthday\.gradle\caches\8.7\fileHashes)"        [_thread_blocked, id=16568, stack(0x000000aff6600000,0x000000aff6700000) (1024K)]
  0x000001db6990f2c0 JavaThread "Cache worker for file hash cache (C:\Users\sonlt\AndroidStudioProjects\QLFile\.gradle\8.7\fileHashes)"        [_thread_blocked, id=10344, stack(0x000000aff6800000,0x000000aff6900000) (1024K)]
  0x000001db6990e5a0 JavaThread "File watcher server"        daemon [_thread_in_native, id=16908, stack(0x000000aff6a00000,0x000000aff6b00000) (1024K)]
  0x000001db6990d880 JavaThread "File watcher consumer"      daemon [_thread_blocked, id=2848, stack(0x000000aff6b00000,0x000000aff6c00000) (1024K)]
  0x000001db6990d1f0 JavaThread "Cache worker for checksums cache (C:\Users\sonlt\AndroidStudioProjects\QLFile\.gradle\8.7\checksums)"        [_thread_blocked, id=15816, stack(0x000000aff6700000,0x000000aff6800000) (1024K)]
  0x000001db69910d00 JavaThread "Cache worker for cache directory md-supplier (C:\Users\sonlt\AndroidStudioProjects\HappyBirthday\.gradle\caches\8.7\md-supplier)"        [_thread_blocked, id=17980, stack(0x000000aff6c00000,0x000000aff6d00000) (1024K)]
  0x000001db6990f950 JavaThread "Cache worker for cache directory md-rule (C:\Users\sonlt\AndroidStudioProjects\HappyBirthday\.gradle\caches\8.7\md-rule)"        [_thread_blocked, id=17976, stack(0x000000aff6d00000,0x000000aff6e00000) (1024K)]
  0x000001db6990ec30 JavaThread "Cache worker for file content cache (C:\Users\sonlt\AndroidStudioProjects\HappyBirthday\.gradle\caches\8.7\fileContent)"        [_thread_blocked, id=1536, stack(0x000000aff6e00000,0x000000aff6f00000) (1024K)]
Total: 31

Other Threads:
=>0x000001db6339c700 VMThread "VM Thread"                           [id=11096, stack(0x000000aff4800000,0x000000aff4900000) (1024K)]
  0x000001db6338a4a0 WatcherThread "VM Periodic Task Thread"        [id=17644, stack(0x000000aff4700000,0x000000aff4800000) (1024K)]
  0x000001db44521af0 WorkerThread "GC Thread#0"                     [id=16576, stack(0x000000aff4200000,0x000000aff4300000) (1024K)]
  0x000001db41a47ca0 WorkerThread "GC Thread#1"                     [id=14852, stack(0x000000aff5300000,0x000000aff5400000) (1024K)]
  0x000001db41a487b0 WorkerThread "GC Thread#2"                     [id=14296, stack(0x000000aff5400000,0x000000aff5500000) (1024K)]
  0x000001db41a47190 WorkerThread "GC Thread#3"                     [id=3692, stack(0x000000aff5500000,0x000000aff5600000) (1024K)]
  0x000001db41a48050 WorkerThread "GC Thread#4"                     [id=5412, stack(0x000000aff5600000,0x000000aff5700000) (1024K)]
  0x000001db41a48b60 WorkerThread "GC Thread#5"                     [id=17056, stack(0x000000aff5700000,0x000000aff5800000) (1024K)]
  0x000001db42249c20 WorkerThread "GC Thread#6"                     [id=5616, stack(0x000000aff6200000,0x000000aff6300000) (1024K)]
  0x000001db4224c100 WorkerThread "GC Thread#7"                     [id=14360, stack(0x000000aff6300000,0x000000aff6400000) (1024K)]
  0x000001db44576010 ConcurrentGCThread "G1 Main Marker"            [id=8476, stack(0x000000aff4300000,0x000000aff4400000) (1024K)]
  0x000001db445771d0 WorkerThread "G1 Conc#0"                       [id=3408, stack(0x000000aff4400000,0x000000aff4500000) (1024K)]
  0x000001db69491d70 WorkerThread "G1 Conc#1"                       [id=11960, stack(0x000000aff6900000,0x000000aff6a00000) (1024K)]
  0x000001db6325a080 ConcurrentGCThread "G1 Refine#0"               [id=15944, stack(0x000000aff4500000,0x000000aff4600000) (1024K)]
  0x000001db6325a8b0 ConcurrentGCThread "G1 Service"                [id=7116, stack(0x000000aff4600000,0x000000aff4700000) (1024K)]
Total: 15

Threads with active compile tasks:
Total: 0

VM state: at safepoint (normal execution)

VM Mutex/Monitor currently owned by a thread:  ([mutex/lock_event])
[0x00007ffd0c3a3910] Threads_lock - owner thread: 0x000001db6339c700
[0x00007ffd0c3a3a10] Heap_lock - owner thread: 0x000001db44576010

Heap address: 0x0000000080000000, size: 2048 MB, Compressed Oops mode: 32-bit

CDS archive(s) mapped at: [0x000001db00000000-0x000001db00d70000-0x000001db00d70000), size 14090240, SharedBaseAddress: 0x000001db00000000, ArchiveRelocationMode: 1.
Compressed class space mapped at: 0x000001db01000000-0x000001db41000000, reserved size: 1073741824
Narrow klass base: 0x000001db00000000, Narrow klass shift: 0, Narrow klass range: 0x41000000

GC Precious Log:
 CardTable entry size: 512
 Card Set container configuration: InlinePtr #cards 5 size 8 Array Of Cards #cards 10 size 36 Howl #buckets 4 coarsen threshold 1843 Howl Bitmap #cards 512 size 80 coarsen threshold 460 Card regions per heap region 1 cards per card region 2048
 CPUs: 8 total, 8 available
 Memory: 7914M
 Large Page Support: Disabled
 NUMA Support: Disabled
 Compressed Oops: Enabled (32-bit)
 Heap Region Size: 1M
 Heap Min Capacity: 8M
 Heap Initial Capacity: 124M
 Heap Max Capacity: 2G
 Pre-touch: Disabled
 Parallel Workers: 8
 Concurrent Workers: 2
 Concurrent Refinement Workers: 8
 Periodic GC: Disabled

Heap:
 garbage-first heap   total reserved 2097152K, committed 116736K, used 73176K [0x0000000080000000, 0x0000000100000000)
  region size 1024K, 4 young (4096K), 3 survivors (3072K)
 Metaspace       used 90121K, committed 91904K, reserved 1179648K
  class space    used 12145K, committed 12992K, reserved 1048576K

Heap Regions: E=young(eden), S=young(survivor), O=old, HS=humongous(starts), HC=humongous(continues), CS=collection set, F=free, TAMS=top-at-mark-start, PB=parsable bottom
|   0|0x0000000080000000, 0x0000000080100000, 0x0000000080100000|100%|HS|  |TAMS 0x0000000080100000| PB 0x0000000080000000| Complete |  0
|   1|0x0000000080100000, 0x0000000080200000, 0x0000000080200000|100%|HC|  |TAMS 0x0000000080200000| PB 0x0000000080100000| Complete |  0
|   2|0x0000000080200000, 0x0000000080300000, 0x0000000080300000|100%|HC|  |TAMS 0x0000000080300000| PB 0x0000000080200000| Complete |  0
|   3|0x0000000080300000, 0x0000000080400000, 0x0000000080400000|100%|HC|  |TAMS 0x0000000080400000| PB 0x0000000080300000| Complete |  0
|   4|0x0000000080400000, 0x0000000080500000, 0x0000000080500000|100%| O|  |TAMS 0x0000000080500000| PB 0x0000000080500000| Untracked |  0
|   5|0x0000000080500000, 0x0000000080600000, 0x0000000080600000|100%| O|  |TAMS 0x0000000080600000| PB 0x0000000080600000| Untracked |  0
|   6|0x0000000080600000, 0x0000000080700000, 0x0000000080700000|100%| O|  |TAMS 0x0000000080700000| PB 0x0000000080700000| Untracked |  0
|   7|0x0000000080700000, 0x0000000080800000, 0x0000000080800000|100%| O|  |TAMS 0x0000000080800000| PB 0x0000000080800000| Untracked |  0
|   8|0x0000000080800000, 0x0000000080900000, 0x0000000080900000|100%| O|  |TAMS 0x0000000080900000| PB 0x0000000080900000| Untracked |  0
|   9|0x0000000080900000, 0x0000000080a00000, 0x0000000080a00000|100%| O|  |TAMS 0x0000000080a00000| PB 0x0000000080a00000| Untracked |  0
|  10|0x0000000080a00000, 0x0000000080b00000, 0x0000000080b00000|100%| O|  |TAMS 0x0000000080b00000| PB 0x0000000080b00000| Untracked |  0
|  11|0x0000000080b00000, 0x0000000080c00000, 0x0000000080c00000|100%| O|  |TAMS 0x0000000080c00000| PB 0x0000000080c00000| Untracked |  0
|  12|0x0000000080c00000, 0x0000000080d00000, 0x0000000080d00000|100%| O|  |TAMS 0x0000000080d00000| PB 0x0000000080d00000| Untracked |  0
|  13|0x0000000080d00000, 0x0000000080e00000, 0x0000000080e00000|100%| O|  |TAMS 0x0000000080e00000| PB 0x0000000080e00000| Untracked |  0
|  14|0x0000000080e00000, 0x0000000080f00000, 0x0000000080f00000|100%| O|  |TAMS 0x0000000080f00000| PB 0x0000000080f00000| Untracked |  0
|  15|0x0000000080f00000, 0x0000000081000000, 0x0000000081000000|100%| O|  |TAMS 0x0000000081000000| PB 0x0000000081000000| Untracked |  0
|  16|0x0000000081000000, 0x0000000081100000, 0x0000000081100000|100%| O|  |TAMS 0x0000000081100000| PB 0x0000000081100000| Untracked |  0
|  17|0x0000000081100000, 0x0000000081200000, 0x0000000081200000|100%| O|  |TAMS 0x0000000081200000| PB 0x0000000081200000| Untracked |  0
|  18|0x0000000081200000, 0x0000000081300000, 0x0000000081300000|100%| O|  |TAMS 0x0000000081300000| PB 0x0000000081300000| Untracked |  0
|  19|0x0000000081300000, 0x0000000081400000, 0x0000000081400000|100%| O|  |TAMS 0x0000000081400000| PB 0x0000000081400000| Untracked |  0
|  20|0x0000000081400000, 0x0000000081500000, 0x0000000081500000|100%| O|  |TAMS 0x0000000081500000| PB 0x0000000081500000| Untracked |  0
|  21|0x0000000081500000, 0x0000000081600000, 0x0000000081600000|100%| O|  |TAMS 0x0000000081600000| PB 0x0000000081600000| Untracked |  0
|  22|0x0000000081600000, 0x0000000081600000, 0x0000000081700000|  0%| F|  |TAMS 0x0000000081600000| PB 0x0000000081600000| Untracked |  0
|  23|0x0000000081700000, 0x0000000081800000, 0x0000000081800000|100%| O|  |TAMS 0x0000000081800000| PB 0x0000000081800000| Untracked |  0
|  24|0x0000000081800000, 0x0000000081900000, 0x0000000081900000|100%| O|  |TAMS 0x0000000081900000| PB 0x0000000081900000| Untracked |  0
|  25|0x0000000081900000, 0x0000000081a00000, 0x0000000081a00000|100%| O|  |TAMS 0x0000000081a00000| PB 0x0000000081a00000| Untracked |  0
|  26|0x0000000081a00000, 0x0000000081b00000, 0x0000000081b00000|100%| O|  |TAMS 0x0000000081b00000| PB 0x0000000081b00000| Untracked |  0
|  27|0x0000000081b00000, 0x0000000081c00000, 0x0000000081c00000|100%| O|  |TAMS 0x0000000081c00000| PB 0x0000000081c00000| Untracked |  0
|  28|0x0000000081c00000, 0x0000000081d00000, 0x0000000081d00000|100%| O|  |TAMS 0x0000000081d00000| PB 0x0000000081d00000| Untracked |  0
|  29|0x0000000081d00000, 0x0000000081e00000, 0x0000000081e00000|100%| O|  |TAMS 0x0000000081e00000| PB 0x0000000081e00000| Untracked |  0
|  30|0x0000000081e00000, 0x0000000081f00000, 0x0000000081f00000|100%| O|Cm|TAMS 0x0000000081f00000| PB 0x0000000081f00000| Updating |  0
|  31|0x0000000081f00000, 0x0000000082000000, 0x0000000082000000|100%| O|  |TAMS 0x0000000082000000| PB 0x0000000082000000| Untracked |  0
|  32|0x0000000082000000, 0x0000000082100000, 0x0000000082100000|100%| O|  |TAMS 0x0000000082100000| PB 0x0000000082100000| Untracked |  0
|  33|0x0000000082100000, 0x0000000082200000, 0x0000000082200000|100%| O|  |TAMS 0x0000000082200000| PB 0x0000000082200000| Untracked |  0
|  34|0x0000000082200000, 0x0000000082300000, 0x0000000082300000|100%| O|  |TAMS 0x0000000082300000| PB 0x0000000082300000| Untracked |  0
|  35|0x0000000082300000, 0x0000000082400000, 0x0000000082400000|100%|HS|  |TAMS 0x0000000082400000| PB 0x0000000082300000| Complete |  0
|  36|0x0000000082400000, 0x0000000082500000, 0x0000000082500000|100%|HC|  |TAMS 0x0000000082500000| PB 0x0000000082400000| Complete |  0
|  37|0x0000000082500000, 0x0000000082600000, 0x0000000082600000|100%|HC|  |TAMS 0x0000000082600000| PB 0x0000000082500000| Complete |  0
|  38|0x0000000082600000, 0x0000000082700000, 0x0000000082700000|100%|HC|  |TAMS 0x0000000082700000| PB 0x0000000082600000| Complete |  0
|  39|0x0000000082700000, 0x0000000082800000, 0x0000000082800000|100%|HC|  |TAMS 0x0000000082800000| PB 0x0000000082700000| Complete |  0
|  40|0x0000000082800000, 0x0000000082900000, 0x0000000082900000|100%|HC|  |TAMS 0x0000000082900000| PB 0x0000000082800000| Complete |  0
|  41|0x0000000082900000, 0x0000000082a00000, 0x0000000082a00000|100%|HS|  |TAMS 0x0000000082a00000| PB 0x0000000082900000| Complete |  0
|  42|0x0000000082a00000, 0x0000000082b00000, 0x0000000082b00000|100%| O|  |TAMS 0x0000000082b00000| PB 0x0000000082b00000| Untracked |  0
|  43|0x0000000082b00000, 0x0000000082c00000, 0x0000000082c00000|100%| O|  |TAMS 0x0000000082c00000| PB 0x0000000082c00000| Untracked |  0
|  44|0x0000000082c00000, 0x0000000082d00000, 0x0000000082d00000|100%| O|  |TAMS 0x0000000082d00000| PB 0x0000000082d00000| Untracked |  0
|  45|0x0000000082d00000, 0x0000000082e00000, 0x0000000082e00000|100%| O|  |TAMS 0x0000000082e00000| PB 0x0000000082e00000| Untracked |  0
|  46|0x0000000082e00000, 0x0000000082f00000, 0x0000000082f00000|100%| O|  |TAMS 0x0000000082f00000| PB 0x0000000082f00000| Untracked |  0
|  47|0x0000000082f00000, 0x0000000083000000, 0x0000000083000000|100%| O|  |TAMS 0x0000000083000000| PB 0x0000000083000000| Untracked |  0
|  48|0x0000000083000000, 0x0000000083100000, 0x0000000083100000|100%| O|  |TAMS 0x0000000083100000| PB 0x0000000083100000| Untracked |  0
|  49|0x0000000083100000, 0x0000000083200000, 0x0000000083200000|100%| O|  |TAMS 0x0000000083200000| PB 0x0000000083200000| Untracked |  0
|  50|0x0000000083200000, 0x0000000083300000, 0x0000000083300000|100%| O|  |TAMS 0x0000000083300000| PB 0x0000000083300000| Untracked |  0
|  51|0x0000000083300000, 0x0000000083400000, 0x0000000083400000|100%| O|  |TAMS 0x0000000083400000| PB 0x0000000083400000| Untracked |  0
|  52|0x0000000083400000, 0x0000000083400000, 0x0000000083500000|  0%| F|  |TAMS 0x0000000083400000| PB 0x0000000083400000| Untracked |  0
|  53|0x0000000083500000, 0x0000000083600000, 0x0000000083600000|100%| O|  |TAMS 0x0000000083600000| PB 0x0000000083600000| Untracked |  0
|  54|0x0000000083600000, 0x0000000083700000, 0x0000000083700000|100%| O|  |TAMS 0x0000000083700000| PB 0x0000000083700000| Untracked |  0
|  55|0x0000000083700000, 0x0000000083800000, 0x0000000083800000|100%| O|  |TAMS 0x0000000083800000| PB 0x0000000083800000| Untracked |  0
|  56|0x0000000083800000, 0x0000000083900000, 0x0000000083900000|100%| O|  |TAMS 0x0000000083900000| PB 0x0000000083900000| Untracked |  0
|  57|0x0000000083900000, 0x0000000083a00000, 0x0000000083a00000|100%| O|  |TAMS 0x0000000083a00000| PB 0x0000000083a00000| Untracked |  0
|  58|0x0000000083a00000, 0x0000000083b00000, 0x0000000083b00000|100%| O|  |TAMS 0x0000000083b00000| PB 0x0000000083b00000| Untracked |  0
|  59|0x0000000083b00000, 0x0000000083c00000, 0x0000000083c00000|100%| O|Cm|TAMS 0x0000000083c00000| PB 0x0000000083c00000| Updating |  0
|  60|0x0000000083c00000, 0x0000000083d00000, 0x0000000083d00000|100%| O|  |TAMS 0x0000000083d00000| PB 0x0000000083d00000| Untracked |  0
|  61|0x0000000083d00000, 0x0000000083e00000, 0x0000000083e00000|100%| O|  |TAMS 0x0000000083e00000| PB 0x0000000083e00000| Untracked |  0
|  62|0x0000000083e00000, 0x0000000083f00000, 0x0000000083f00000|100%| O|  |TAMS 0x0000000083f00000| PB 0x0000000083f00000| Untracked |  0
|  63|0x0000000083f00000, 0x0000000084000000, 0x0000000084000000|100%| O|  |TAMS 0x0000000084000000| PB 0x0000000084000000| Untracked |  0
|  64|0x0000000084000000, 0x0000000084100000, 0x0000000084100000|100%| O|  |TAMS 0x0000000084100000| PB 0x0000000084100000| Untracked |  0
|  65|0x0000000084100000, 0x0000000084200000, 0x0000000084200000|100%| O|  |TAMS 0x0000000084200000| PB 0x0000000084200000| Untracked |  0
|  66|0x0000000084200000, 0x000000008426a580, 0x0000000084300000| 41%| O|  |TAMS 0x000000008426a580| PB 0x000000008426a580| Untracked |  0
|  67|0x0000000084300000, 0x0000000084300000, 0x0000000084400000|  0%| F|  |TAMS 0x0000000084300000| PB 0x0000000084300000| Untracked |  0
|  68|0x0000000084400000, 0x0000000084500000, 0x0000000084500000|100%| O|  |TAMS 0x0000000084500000| PB 0x0000000084500000| Untracked |  0
|  69|0x0000000084500000, 0x0000000084500000, 0x0000000084600000|  0%| F|  |TAMS 0x0000000084500000| PB 0x0000000084500000| Untracked |  0
|  70|0x0000000084600000, 0x0000000084600000, 0x0000000084700000|  0%| F|  |TAMS 0x0000000084600000| PB 0x0000000084600000| Untracked |  0
|  71|0x0000000084700000, 0x0000000084700000, 0x0000000084800000|  0%| F|  |TAMS 0x0000000084700000| PB 0x0000000084700000| Untracked |  0
|  72|0x0000000084800000, 0x0000000084800000, 0x0000000084900000|  0%| F|  |TAMS 0x0000000084800000| PB 0x0000000084800000| Untracked |  0
|  73|0x0000000084900000, 0x0000000084900000, 0x0000000084a00000|  0%| F|  |TAMS 0x0000000084900000| PB 0x0000000084900000| Untracked |  0
|  74|0x0000000084a00000, 0x0000000084a0bd70, 0x0000000084b00000|  4%| S|CS|TAMS 0x0000000084a00000| PB 0x0000000084a00000| Complete |  0
|  75|0x0000000084b00000, 0x0000000084c00000, 0x0000000084c00000|100%| S|CS|TAMS 0x0000000084b00000| PB 0x0000000084b00000| Complete |  0
|  76|0x0000000084c00000, 0x0000000084d00000, 0x0000000084d00000|100%| S|CS|TAMS 0x0000000084c00000| PB 0x0000000084c00000| Complete |  0
|  77|0x0000000084d00000, 0x0000000084d00000, 0x0000000084e00000|  0%| F|  |TAMS 0x0000000084d00000| PB 0x0000000084d00000| Untracked |  0
|  78|0x0000000084e00000, 0x0000000084e00000, 0x0000000084f00000|  0%| F|  |TAMS 0x0000000084e00000| PB 0x0000000084e00000| Untracked |  0
|  79|0x0000000084f00000, 0x0000000084f00000, 0x0000000085000000|  0%| F|  |TAMS 0x0000000084f00000| PB 0x0000000084f00000| Untracked |  0
|  80|0x0000000085000000, 0x0000000085000000, 0x0000000085100000|  0%| F|  |TAMS 0x0000000085000000| PB 0x0000000085000000| Untracked |  0
|  81|0x0000000085100000, 0x0000000085100000, 0x0000000085200000|  0%| F|  |TAMS 0x0000000085100000| PB 0x0000000085100000| Untracked |  0
|  82|0x0000000085200000, 0x0000000085200000, 0x0000000085300000|  0%| F|  |TAMS 0x0000000085200000| PB 0x0000000085200000| Untracked |  0
|  83|0x0000000085300000, 0x0000000085300000, 0x0000000085400000|  0%| F|  |TAMS 0x0000000085300000| PB 0x0000000085300000| Untracked |  0
|  84|0x0000000085400000, 0x0000000085400000, 0x0000000085500000|  0%| F|  |TAMS 0x0000000085400000| PB 0x0000000085400000| Untracked |  0
|  85|0x0000000085500000, 0x0000000085500000, 0x0000000085600000|  0%| F|  |TAMS 0x0000000085500000| PB 0x0000000085500000| Untracked |  0
|  86|0x0000000085600000, 0x0000000085600000, 0x0000000085700000|  0%| F|  |TAMS 0x0000000085600000| PB 0x0000000085600000| Untracked |  0
|  87|0x0000000085700000, 0x0000000085700000, 0x0000000085800000|  0%| F|  |TAMS 0x0000000085700000| PB 0x0000000085700000| Untracked |  0
|  88|0x0000000085800000, 0x0000000085800000, 0x0000000085900000|  0%| F|  |TAMS 0x0000000085800000| PB 0x0000000085800000| Untracked |  0
|  89|0x0000000085900000, 0x0000000085900000, 0x0000000085a00000|  0%| F|  |TAMS 0x0000000085900000| PB 0x0000000085900000| Untracked |  0
|  90|0x0000000085a00000, 0x0000000085a00000, 0x0000000085b00000|  0%| F|  |TAMS 0x0000000085a00000| PB 0x0000000085a00000| Untracked |  0
|  91|0x0000000085b00000, 0x0000000085b00000, 0x0000000085c00000|  0%| F|  |TAMS 0x0000000085b00000| PB 0x0000000085b00000| Untracked |  0
|  92|0x0000000085c00000, 0x0000000085c00000, 0x0000000085d00000|  0%| F|  |TAMS 0x0000000085c00000| PB 0x0000000085c00000| Untracked |  0
|  93|0x0000000085d00000, 0x0000000085d00000, 0x0000000085e00000|  0%| F|  |TAMS 0x0000000085d00000| PB 0x0000000085d00000| Untracked |  0
|  94|0x0000000085e00000, 0x0000000085e00000, 0x0000000085f00000|  0%| F|  |TAMS 0x0000000085e00000| PB 0x0000000085e00000| Untracked |  0
|  95|0x0000000085f00000, 0x0000000085f00000, 0x0000000086000000|  0%| F|  |TAMS 0x0000000085f00000| PB 0x0000000085f00000| Untracked |  0
|  96|0x0000000086000000, 0x0000000086000000, 0x0000000086100000|  0%| F|  |TAMS 0x0000000086000000| PB 0x0000000086000000| Untracked |  0
|  97|0x0000000086100000, 0x0000000086100000, 0x0000000086200000|  0%| F|  |TAMS 0x0000000086100000| PB 0x0000000086100000| Untracked |  0
|  98|0x0000000086200000, 0x0000000086200000, 0x0000000086300000|  0%| F|  |TAMS 0x0000000086200000| PB 0x0000000086200000| Untracked |  0
|  99|0x0000000086300000, 0x0000000086300000, 0x0000000086400000|  0%| F|  |TAMS 0x0000000086300000| PB 0x0000000086300000| Untracked |  0
| 100|0x0000000086400000, 0x0000000086400000, 0x0000000086500000|  0%| F|  |TAMS 0x0000000086400000| PB 0x0000000086400000| Untracked |  0
| 101|0x0000000086500000, 0x0000000086500000, 0x0000000086600000|  0%| F|  |TAMS 0x0000000086500000| PB 0x0000000086500000| Untracked |  0
| 102|0x0000000086600000, 0x0000000086600000, 0x0000000086700000|  0%| F|  |TAMS 0x0000000086600000| PB 0x0000000086600000| Untracked |  0
| 103|0x0000000086700000, 0x0000000086700000, 0x0000000086800000|  0%| F|  |TAMS 0x0000000086700000| PB 0x0000000086700000| Untracked |  0
| 110|0x0000000086e00000, 0x0000000086e00000, 0x0000000086f00000|  0%| F|  |TAMS 0x0000000086e00000| PB 0x0000000086e00000| Untracked |  0
| 111|0x0000000086f00000, 0x0000000086f00000, 0x0000000087000000|  0%| F|  |TAMS 0x0000000086f00000| PB 0x0000000086f00000| Untracked |  0
| 112|0x0000000087000000, 0x0000000087000000, 0x0000000087100000|  0%| F|  |TAMS 0x0000000087000000| PB 0x0000000087000000| Untracked |  0
| 113|0x0000000087100000, 0x0000000087100000, 0x0000000087200000|  0%| F|  |TAMS 0x0000000087100000| PB 0x0000000087100000| Untracked |  0
| 123|0x0000000087b00000, 0x0000000087b00000, 0x0000000087c00000|  0%| F|  |TAMS 0x0000000087b00000| PB 0x0000000087b00000| Untracked |  0
|2043|0x00000000ffb00000, 0x00000000ffb84940, 0x00000000ffc00000| 51%| E|  |TAMS 0x00000000ffb00000| PB 0x00000000ffb00000| Complete |  0
|2044|0x00000000ffc00000, 0x00000000ffd00000, 0x00000000ffd00000|100%| O|  |TAMS 0x00000000ffd00000| PB 0x00000000ffd00000| Untracked |  0
|2045|0x00000000ffd00000, 0x00000000ffe00000, 0x00000000ffe00000|100%| O|  |TAMS 0x00000000ffe00000| PB 0x00000000ffe00000| Untracked |  0
|2046|0x00000000ffe00000, 0x00000000fff00000, 0x00000000fff00000|100%| O|  |TAMS 0x00000000fff00000| PB 0x00000000fff00000| Untracked |  0
|2047|0x00000000fff00000, 0x0000000100000000, 0x0000000100000000|100%| O|  |TAMS 0x0000000100000000| PB 0x0000000100000000| Untracked |  0

Card table byte_map: [0x000001db5e550000,0x000001db5e950000] _byte_map_base: 0x000001db5e150000

Marking Bits: (CMBitMap*) 0x000001db44522110
 Bits: [0x000001db5e950000, 0x000001db60950000)

Polling page: 0x000001db45e50000

Metaspace:

Usage:
  Non-class:     76.15 MB used.
      Class:     11.86 MB used.
       Both:     88.01 MB used.

Virtual space:
  Non-class space:      128.00 MB reserved,      77.06 MB ( 60%) committed,  2 nodes.
      Class space:        1.00 GB reserved,      12.69 MB (  1%) committed,  1 nodes.
             Both:        1.12 GB reserved,      89.75 MB (  8%) committed. 

Chunk freelists:
   Non-Class:  2.56 MB
       Class:  3.33 MB
        Both:  5.89 MB

MaxMetaspaceSize: unlimited
CompressedClassSpaceSize: 1.00 GB
Initial GC threshold: 21.00 MB
Current GC threshold: 127.62 MB
CDS: on
 - commit_granule_bytes: 65536.
 - commit_granule_words: 8192.
 - virtual_space_node_default_size: 8388608.
 - enlarge_chunks_in_place: 1.
 - use_allocation_guard: 0.


Internal statistics:

num_allocs_failed_limit: 6.
num_arena_births: 3066.
num_arena_deaths: 0.
num_vsnodes_births: 3.
num_vsnodes_deaths: 0.
num_space_committed: 1434.
num_space_uncommitted: 0.
num_chunks_returned_to_freelist: 6.
num_chunks_taken_from_freelist: 6483.
num_chunk_merges: 6.
num_chunk_splits: 4725.
num_chunks_enlarged: 3448.
num_inconsistent_stats: 0.

CodeHeap 'non-profiled nmethods': size=120064Kb used=3057Kb max_used=3079Kb free=117006Kb
 bounds [0x000001db561a0000, 0x000001db564b0000, 0x000001db5d6e0000]
CodeHeap 'profiled nmethods': size=120000Kb used=10017Kb max_used=10547Kb free=109982Kb
 bounds [0x000001db4e6e0000, 0x000001db4f130000, 0x000001db55c10000]
CodeHeap 'non-nmethods': size=5696Kb used=2446Kb max_used=2466Kb free=3249Kb
 bounds [0x000001db55c10000, 0x000001db55e80000, 0x000001db561a0000]
CodeCache: size=245760Kb, used=15520Kb, max_used=16092Kb, free=230237Kb
 total_blobs=7561, nmethods=6616, adapters=848, full_count=0
Compilation: enabled, stopped_count=0, restarted_count=0

Compilation events (20 events):
Event: 54.528 Thread 0x000001db633dfd00 7850       1       org.jetbrains.kotlin.ir.declarations.lazy.IrLazyClass::getName (5 bytes)
Event: 54.528 Thread 0x000001db633dfd00 nmethod 7850 0x000001db5649f388 code [0x000001db5649f4a0, 0x000001db5649f568]
Event: 54.573 Thread 0x000001db633ceaa0 7851   !   4       jdk.internal.loader.BuiltinClassLoader::loadClassOrNull (143 bytes)
Event: 54.603 Thread 0x000001db633ceaa0 nmethod 7851 0x000001db5649f688 code [0x000001db5649f9a0, 0x000001db564a1608]
Event: 54.612 Thread 0x000001db633dfd00 7852       3       kotlin.sequences.FlatteningSequence::iterator (12 bytes)
Event: 54.612 Thread 0x000001db633dfd00 nmethod 7852 0x000001db4f12a988 code [0x000001db4f12aac0, 0x000001db4f12ae80]
Event: 54.612 Thread 0x000001db633dfd00 7853       3       kotlin.sequences.FlatteningSequence$iterator$1::<init> (23 bytes)
Event: 54.612 Thread 0x000001db633dfd00 nmethod 7853 0x000001db4f12af08 code [0x000001db4f12b040, 0x000001db4f12b350]
Event: 54.644 Thread 0x000001db633dfd00 7854       1       org.jetbrains.kotlin.ir.declarations.impl.IrFunctionImpl::getOrigin (5 bytes)
Event: 54.644 Thread 0x000001db633dfd00 nmethod 7854 0x000001db564a1808 code [0x000001db564a1920, 0x000001db564a19e8]
Event: 54.644 Thread 0x000001db633dfd00 7855       3       org.jetbrains.kotlin.ir.expressions.IrExpression::<init> (13 bytes)
Event: 54.645 Thread 0x000001db633dfd00 nmethod 7855 0x000001db4f12b388 code [0x000001db4f12b4a0, 0x000001db4f12b6c0]
Event: 54.645 Thread 0x000001db633dfd00 7856       3       org.jetbrains.kotlin.ir.declarations.impl.IrFunctionImpl::setTypeParameters (13 bytes)
Event: 54.645 Thread 0x000001db633dfd00 nmethod 7856 0x000001db4f12b708 code [0x000001db4f12b8a0, 0x000001db4f12be70]
Event: 54.722 Thread 0x000001db633dfd00 7857       1       org.jetbrains.kotlin.backend.jvm.JvmBackendContext::getIrBuiltIns (5 bytes)
Event: 54.722 Thread 0x000001db633dfd00 nmethod 7857 0x000001db564a1b08 code [0x000001db564a1c20, 0x000001db564a1ce8]
Event: 54.722 Thread 0x000001db633dfd00 7858       3       org.jetbrains.kotlin.backend.jvm.ir.IrInlineReferenceLocator::visitElement (13 bytes)
Event: 54.723 Thread 0x000001db633dfd00 nmethod 7858 0x000001db4f12bf08 code [0x000001db4f12c040, 0x000001db4f12c2f8]
Event: 54.723 Thread 0x000001db633dfd00 7859       3       org.jetbrains.kotlin.backend.jvm.ir.IrInlineReferenceLocator::visitElement (39 bytes)
Event: 54.723 Thread 0x000001db633dfd00 nmethod 7859 0x000001db4f12c388 code [0x000001db4f12c540, 0x000001db4f12cee0]

GC Heap History (20 events):
Event: 46.256 GC heap before
{Heap before GC invocations=19 (full 0):
 garbage-first heap   total reserved 2097152K, committed 87040K, used 61566K [0x0000000080000000, 0x0000000100000000)
  region size 1024K, 19 young (19456K), 4 survivors (4096K)
 Metaspace       used 57843K, committed 59264K, reserved 1114112K
  class space    used 8474K, committed 9152K, reserved 1048576K
}
Event: 46.262 GC heap after
{Heap after GC invocations=20 (full 0):
 garbage-first heap   total reserved 2097152K, committed 87040K, used 48683K [0x0000000080000000, 0x0000000100000000)
  region size 1024K, 4 young (4096K), 4 survivors (4096K)
 Metaspace       used 57843K, committed 59264K, reserved 1114112K
  class space    used 8474K, committed 9152K, reserved 1048576K
}
Event: 47.030 GC heap before
{Heap before GC invocations=21 (full 0):
 garbage-first heap   total reserved 2097152K, committed 96256K, used 82475K [0x0000000080000000, 0x0000000100000000)
  region size 1024K, 30 young (30720K), 4 survivors (4096K)
 Metaspace       used 60553K, committed 61952K, reserved 1114112K
  class space    used 8767K, committed 9408K, reserved 1048576K
}
Event: 47.036 GC heap after
{Heap after GC invocations=22 (full 0):
 garbage-first heap   total reserved 2097152K, committed 96256K, used 58105K [0x0000000080000000, 0x0000000100000000)
  region size 1024K, 4 young (4096K), 4 survivors (4096K)
 Metaspace       used 60553K, committed 61952K, reserved 1114112K
  class space    used 8767K, committed 9408K, reserved 1048576K
}
Event: 47.537 GC heap before
{Heap before GC invocations=22 (full 0):
 garbage-first heap   total reserved 2097152K, committed 96256K, used 84729K [0x0000000080000000, 0x0000000100000000)
  region size 1024K, 30 young (30720K), 4 survivors (4096K)
 Metaspace       used 63999K, committed 65600K, reserved 1114112K
  class space    used 9106K, committed 9856K, reserved 1048576K
}
Event: 47.543 GC heap after
{Heap after GC invocations=23 (full 0):
 garbage-first heap   total reserved 2097152K, committed 96256K, used 59226K [0x0000000080000000, 0x0000000100000000)
  region size 1024K, 2 young (2048K), 2 survivors (2048K)
 Metaspace       used 63999K, committed 65600K, reserved 1114112K
  class space    used 9106K, committed 9856K, reserved 1048576K
}
Event: 48.442 GC heap before
{Heap before GC invocations=23 (full 0):
 garbage-first heap   total reserved 2097152K, committed 96256K, used 87898K [0x0000000080000000, 0x0000000100000000)
  region size 1024K, 30 young (30720K), 2 survivors (2048K)
 Metaspace       used 67337K, committed 69120K, reserved 1114112K
  class space    used 9573K, committed 10432K, reserved 1048576K
}
Event: 48.448 GC heap after
{Heap after GC invocations=24 (full 0):
 garbage-first heap   total reserved 2097152K, committed 115712K, used 60530K [0x0000000080000000, 0x0000000100000000)
  region size 1024K, 4 young (4096K), 4 survivors (4096K)
 Metaspace       used 67337K, committed 69120K, reserved 1114112K
  class space    used 9573K, committed 10432K, reserved 1048576K
}
Event: 49.287 GC heap before
{Heap before GC invocations=25 (full 0):
 garbage-first heap   total reserved 2097152K, committed 115712K, used 102514K [0x0000000080000000, 0x0000000100000000)
  region size 1024K, 44 young (45056K), 4 survivors (4096K)
 Metaspace       used 72349K, committed 74112K, reserved 1114112K
  class space    used 10214K, committed 11072K, reserved 1048576K
}
Event: 49.293 GC heap after
{Heap after GC invocations=26 (full 0):
 garbage-first heap   total reserved 2097152K, committed 115712K, used 63533K [0x0000000080000000, 0x0000000100000000)
  region size 1024K, 6 young (6144K), 6 survivors (6144K)
 Metaspace       used 72349K, committed 74112K, reserved 1114112K
  class space    used 10214K, committed 11072K, reserved 1048576K
}
Event: 49.831 GC heap before
{Heap before GC invocations=26 (full 0):
 garbage-first heap   total reserved 2097152K, committed 115712K, used 101421K [0x0000000080000000, 0x0000000100000000)
  region size 1024K, 43 young (44032K), 6 survivors (6144K)
 Metaspace       used 74030K, committed 75840K, reserved 1114112K
  class space    used 10398K, committed 11264K, reserved 1048576K
}
Event: 49.844 GC heap after
{Heap after GC invocations=27 (full 0):
 garbage-first heap   total reserved 2097152K, committed 115712K, used 65092K [0x0000000080000000, 0x0000000100000000)
  region size 1024K, 3 young (3072K), 3 survivors (3072K)
 Metaspace       used 74030K, committed 75840K, reserved 1114112K
  class space    used 10398K, committed 11264K, reserved 1048576K
}
Event: 50.575 GC heap before
{Heap before GC invocations=27 (full 0):
 garbage-first heap   total reserved 2097152K, committed 115712K, used 104004K [0x0000000080000000, 0x0000000100000000)
  region size 1024K, 41 young (41984K), 3 survivors (3072K)
 Metaspace       used 76335K, committed 78080K, reserved 1179648K
  class space    used 10658K, committed 11520K, reserved 1048576K
}
Event: 50.582 GC heap after
{Heap after GC invocations=28 (full 0):
 garbage-first heap   total reserved 2097152K, committed 115712K, used 68750K [0x0000000080000000, 0x0000000100000000)
  region size 1024K, 6 young (6144K), 6 survivors (6144K)
 Metaspace       used 76335K, committed 78080K, reserved 1179648K
  class space    used 10658K, committed 11520K, reserved 1048576K
}
Event: 51.559 GC heap before
{Heap before GC invocations=29 (full 0):
 garbage-first heap   total reserved 2097152K, committed 116736K, used 101518K [0x0000000080000000, 0x0000000100000000)
  region size 1024K, 38 young (38912K), 6 survivors (6144K)
 Metaspace       used 80066K, committed 81856K, reserved 1179648K
  class space    used 11028K, committed 11904K, reserved 1048576K
}
Event: 51.570 GC heap after
{Heap after GC invocations=30 (full 0):
 garbage-first heap   total reserved 2097152K, committed 116736K, used 71441K [0x0000000080000000, 0x0000000100000000)
  region size 1024K, 3 young (3072K), 3 survivors (3072K)
 Metaspace       used 80066K, committed 81856K, reserved 1179648K
  class space    used 11028K, committed 11904K, reserved 1048576K
}
Event: 52.362 GC heap before
{Heap before GC invocations=30 (full 0):
 garbage-first heap   total reserved 2097152K, committed 116736K, used 106257K [0x0000000080000000, 0x0000000100000000)
  region size 1024K, 37 young (37888K), 3 survivors (3072K)
 Metaspace       used 84485K, committed 86272K, reserved 1179648K
  class space    used 11588K, committed 12416K, reserved 1048576K
}
Event: 52.368 GC heap after
{Heap after GC invocations=31 (full 0):
 garbage-first heap   total reserved 2097152K, committed 116736K, used 72920K [0x0000000080000000, 0x0000000100000000)
  region size 1024K, 2 young (2048K), 2 survivors (2048K)
 Metaspace       used 84485K, committed 86272K, reserved 1179648K
  class space    used 11588K, committed 12416K, reserved 1048576K
}
Event: 54.809 GC heap before
{Heap before GC invocations=31 (full 0):
 garbage-first heap   total reserved 2097152K, committed 116736K, used 105688K [0x0000000080000000, 0x0000000100000000)
  region size 1024K, 35 young (35840K), 2 survivors (2048K)
 Metaspace       used 90082K, committed 91904K, reserved 1179648K
  class space    used 12140K, committed 12992K, reserved 1048576K
}
Event: 54.813 GC heap after
{Heap after GC invocations=32 (full 0):
 garbage-first heap   total reserved 2097152K, committed 116736K, used 73176K [0x0000000080000000, 0x0000000100000000)
  region size 1024K, 3 young (3072K), 3 survivors (3072K)
 Metaspace       used 90082K, committed 91904K, reserved 1179648K
  class space    used 12140K, committed 12992K, reserved 1048576K
}

Dll operation events (15 events):
Event: 0.151 Loaded shared library C:\Tools\jdk-23.0.1\bin\java.dll
Event: 0.230 Loaded shared library C:\Tools\jdk-23.0.1\bin\jsvml.dll
Event: 0.319 Loaded shared library C:\Tools\jdk-23.0.1\bin\zip.dll
Event: 0.327 Loaded shared library C:\Tools\jdk-23.0.1\bin\instrument.dll
Event: 0.342 Loaded shared library C:\Tools\jdk-23.0.1\bin\net.dll
Event: 0.348 Loaded shared library C:\Tools\jdk-23.0.1\bin\nio.dll
Event: 0.407 Loaded shared library C:\Tools\jdk-23.0.1\bin\zip.dll
Event: 10.508 Loaded shared library C:\Tools\jdk-23.0.1\bin\jimage.dll
Event: 12.104 Loaded shared library C:\Tools\jdk-23.0.1\bin\verify.dll
Event: 17.652 Loaded shared library C:\Users\sonlt\AndroidStudioProjects\HappyBirthday\.gradle\native\c067742578af261105cb4f569cf0c3c89f3d7b1fecec35dd04571415982c5e48\windows-amd64\native-platform.dll
Event: 17.887 Loaded shared library C:\Users\sonlt\AndroidStudioProjects\HappyBirthday\.gradle\native\38dada09dfb8b06ba9b0570ebf7e218e3eb74d4ef43ca46872605cf95ebc2f47\windows-amd64\native-platform-file-events.dll
Event: 32.734 Loaded shared library C:\Tools\jdk-23.0.1\bin\management.dll
Event: 32.743 Loaded shared library C:\Tools\jdk-23.0.1\bin\management_ext.dll
Event: 33.160 Loaded shared library C:\Tools\jdk-23.0.1\bin\extnet.dll
Event: 33.523 Loaded shared library C:\Tools\jdk-23.0.1\bin\sunmscapi.dll

Deoptimization events (20 events):
Event: 51.983 Thread 0x000001db42a376f0 Uncommon trap: trap_request=0xffffff45 fr.pc=0x000001db563e1280 relative=0x00000000000015e0
Event: 51.983 Thread 0x000001db42a376f0 Uncommon trap: reason=unstable_if action=reinterpret pc=0x000001db563e1280 method=org.jetbrains.kotlin.metadata.ProtoBuf$Type.writeTo(Lorg/jetbrains/kotlin/protobuf/CodedOutputStream;)V @ 160 c2
Event: 51.983 Thread 0x000001db42a376f0 DEOPT PACKING pc=0x000001db563e1280 sp=0x000000aff5ef4740
Event: 51.983 Thread 0x000001db42a376f0 DEOPT UNPACKING pc=0x000001db55c67982 sp=0x000000aff5ef4738 mode 2
Event: 52.141 Thread 0x000001db42a376f0 Uncommon trap: trap_request=0xfffffff4 fr.pc=0x000001db56471234 relative=0x0000000000000194
Event: 52.141 Thread 0x000001db42a376f0 Uncommon trap: reason=null_check action=make_not_entrant pc=0x000001db56471234 method=java.lang.reflect.Array.newInstance(Ljava/lang/Class;I)Ljava/lang/Object; @ 2 c2
Event: 52.141 Thread 0x000001db42a376f0 DEOPT PACKING pc=0x000001db56471234 sp=0x000000aff5ef65c0
Event: 52.141 Thread 0x000001db42a376f0 DEOPT UNPACKING pc=0x000001db55c67982 sp=0x000000aff5ef6558 mode 2
Event: 52.661 Thread 0x000001db42a376f0 Uncommon trap: trap_request=0xffffffbe fr.pc=0x000001db56465270 relative=0x0000000000002250
Event: 52.661 Thread 0x000001db42a376f0 Uncommon trap: reason=profile_predicate action=maybe_recompile pc=0x000001db56465270 method=org.jetbrains.kotlin.serialization.deserialization.descriptors.DeserializedPackageMemberScope.hasClass(Lorg/jetbrains/kotlin/name/Name;)Z @ 65 c2
Event: 52.661 Thread 0x000001db42a376f0 DEOPT PACKING pc=0x000001db56465270 sp=0x000000aff5ef5050
Event: 52.661 Thread 0x000001db42a376f0 DEOPT UNPACKING pc=0x000001db55c67982 sp=0x000000aff5ef4f30 mode 2
Event: 52.662 Thread 0x000001db42a376f0 Uncommon trap: trap_request=0xffffffbe fr.pc=0x000001db56465270 relative=0x0000000000002250
Event: 52.662 Thread 0x000001db42a376f0 Uncommon trap: reason=profile_predicate action=maybe_recompile pc=0x000001db56465270 method=org.jetbrains.kotlin.serialization.deserialization.descriptors.DeserializedPackageMemberScope.hasClass(Lorg/jetbrains/kotlin/name/Name;)Z @ 65 c2
Event: 52.662 Thread 0x000001db42a376f0 DEOPT PACKING pc=0x000001db56465270 sp=0x000000aff5ef4fc0
Event: 52.662 Thread 0x000001db42a376f0 DEOPT UNPACKING pc=0x000001db55c67982 sp=0x000000aff5ef4ea0 mode 2
Event: 52.752 Thread 0x000001db42a376f0 Uncommon trap: trap_request=0xffffffbe fr.pc=0x000001db56465270 relative=0x0000000000002250
Event: 52.752 Thread 0x000001db42a376f0 Uncommon trap: reason=profile_predicate action=maybe_recompile pc=0x000001db56465270 method=org.jetbrains.kotlin.serialization.deserialization.descriptors.DeserializedPackageMemberScope.hasClass(Lorg/jetbrains/kotlin/name/Name;)Z @ 65 c2
Event: 52.752 Thread 0x000001db42a376f0 DEOPT PACKING pc=0x000001db56465270 sp=0x000000aff5ef4f70
Event: 52.752 Thread 0x000001db42a376f0 DEOPT UNPACKING pc=0x000001db55c67982 sp=0x000000aff5ef4e50 mode 2

Classes loaded (20 events):
Event: 45.471 Loading class sun/nio/ch/Streams
Event: 45.472 Loading class sun/nio/ch/Streams done
Event: 45.472 Loading class sun/nio/ch/ChannelInputStream
Event: 45.472 Loading class sun/nio/ch/ChannelInputStream done
Event: 48.480 Loading class java/text/StringCharacterIterator
Event: 48.481 Loading class java/text/CharacterIterator
Event: 48.481 Loading class java/text/CharacterIterator done
Event: 48.481 Loading class java/text/StringCharacterIterator done
Event: 48.544 Loading class java/io/NotSerializableException
Event: 48.545 Loading class java/io/NotSerializableException done
Event: 48.593 Loading class java/util/AbstractList$ListItr
Event: 48.594 Loading class java/util/AbstractList$ListItr done
Event: 48.879 Loading class java/util/function/IntUnaryOperator
Event: 48.880 Loading class java/util/function/IntUnaryOperator done
Event: 48.942 Loading class java/util/AbstractList$SubList
Event: 48.942 Loading class java/util/AbstractList$SubList done
Event: 48.943 Loading class java/util/AbstractList$SubList$1
Event: 48.943 Loading class java/util/AbstractList$SubList$1 done
Event: 50.258 Loading class java/util/AbstractList$RandomAccessSubList
Event: 50.258 Loading class java/util/AbstractList$RandomAccessSubList done

Classes unloaded (0 events):
No events

Classes redefined (0 events):
No events

Internal exceptions (20 events):
Event: 45.411 Thread 0x000001db42a376f0 Implicit null exception at 0x000001db562ebfa9 to 0x000001db562ee128
Event: 45.411 Thread 0x000001db42a376f0 Implicit null exception at 0x000001db56376ef7 to 0x000001db56377608
Event: 47.515 Thread 0x000001db42a376f0 Exception <a 'java/lang/NoSuchMethodError'{0x0000000084015d08}: 'java.lang.Object java.lang.invoke.DirectMethodHandle$Holder.newInvokeSpecial(java.lang.Object, java.lang.Object, java.lang.Object, java.lang.Object, java.lang.Object, java.lang.Object, java.lang.Object, java.lang.Object, java.lang.Object, java.lang.Object, java.lang.Object, java.lang.Object, java.lang.Object, java.lang.Object, java.lang.Object, java.lang.Object, java.lang.Object, java.lang.Object, java.lang.Object, java.lang.Object, java.lang
Event: 47.543 Thread 0x000001db42a376f0 Exception <a 'java/lang/NoSuchMethodError'{0x0000000083e13d28}: 'java.lang.Object java.lang.invoke.DirectMethodHandle$Holder.newInvokeSpecial(java.lang.Object, java.lang.Object, java.lang.Object, java.lang.Object, java.lang.Object, java.lang.Object, java.lang.Object, java.lang.Object, java.lang.Object, java.lang.Object, java.lang.Object, java.lang.Object, java.lang.Object, java.lang.Object, java.lang.Object, java.lang.Object, java.lang.Object, java.lang.Object, java.lang.Object, java.lang.Object)'> (0x0000
Event: 47.544 Thread 0x000001db42a376f0 Exception <a 'java/lang/NoSuchMethodError'{0x00000000ffb05f20}: 'java.lang.Object java.lang.invoke.DirectMethodHandle$Holder.invokeSpecial(java.lang.Object, java.lang.Object, java.lang.Object, java.lang.Object, java.lang.Object, java.lang.Object, java.lang.Object, java.lang.Object, java.lang.Object, java.lang.Object, java.lang.Object, java.lang.Object, java.lang.Object, java.lang.Object, java.lang.Object, java.lang.Object, java.lang.Object, java.lang.Object, java.lang.Object, java.lang.Object, java.lang.Ob
Event: 47.544 Thread 0x000001db42a376f0 Exception <a 'java/lang/NoSuchMethodError'{0x00000000ffb0c1f8}: 'java.lang.Object java.lang.invoke.DelegatingMethodHandle$Holder.reinvoke_L(java.lang.Object, java.lang.Object, java.lang.Object, java.lang.Object, java.lang.Object, java.lang.Object, java.lang.Object, java.lang.Object, java.lang.Object, java.lang.Object, java.lang.Object, java.lang.Object, java.lang.Object, java.lang.Object, java.lang.Object, java.lang.Object, java.lang.Object, java.lang.Object, java.lang.Object, java.lang.Object)'> (0x000000
Event: 47.709 Thread 0x000001db42a376f0 Exception <a 'java/lang/NoSuchMethodError'{0x00000000852f7f28}: 'java.lang.Object java.lang.invoke.DirectMethodHandle$Holder.newInvokeSpecial(java.lang.Object, java.lang.Object, java.lang.Object, java.lang.Object, java.lang.Object, java.lang.Object, java.lang.Object, java.lang.Object, java.lang.Object, java.lang.Object, java.lang.Object, java.lang.Object, java.lang.Object, java.lang.Object, java.lang.Object, java.lang.Object)'> (0x00000000852f7f28) 
thrown [s\open\src\hotspot\share\interpreter\linkResolver
Event: 47.709 Thread 0x000001db42a376f0 Exception <a 'java/lang/NoSuchMethodError'{0x00000000852fed98}: 'java.lang.Object java.lang.invoke.DirectMethodHandle$Holder.invokeSpecial(java.lang.Object, java.lang.Object, java.lang.Object, java.lang.Object, java.lang.Object, java.lang.Object, java.lang.Object, java.lang.Object, java.lang.Object, java.lang.Object, java.lang.Object, java.lang.Object, java.lang.Object, java.lang.Object, java.lang.Object, java.lang.Object, java.lang.Object)'> (0x00000000852fed98) 
thrown [s\open\src\hotspot\share\interpret
Event: 47.710 Thread 0x000001db42a376f0 Exception <a 'java/lang/NoSuchMethodError'{0x0000000085104d20}: 'java.lang.Object java.lang.invoke.DelegatingMethodHandle$Holder.reinvoke_L(java.lang.Object, java.lang.Object, java.lang.Object, java.lang.Object, java.lang.Object, java.lang.Object, java.lang.Object, java.lang.Object, java.lang.Object, java.lang.Object, java.lang.Object, java.lang.Object, java.lang.Object, java.lang.Object, java.lang.Object, java.lang.Object)'> (0x0000000085104d20) 
thrown [s\open\src\hotspot\share\interpreter\linkResolver.c
Event: 47.722 Thread 0x000001db42a376f0 Exception <a 'java/lang/NoSuchMethodError'{0x00000000851b58c0}: 'java.lang.Object java.lang.invoke.DirectMethodHandle$Holder.newInvokeSpecial(java.lang.Object, java.lang.Object, java.lang.Object, java.lang.Object, java.lang.Object, java.lang.Object, java.lang.Object, java.lang.Object, java.lang.Object, java.lang.Object, java.lang.Object, java.lang.Object, java.lang.Object, java.lang.Object, java.lang.Object, java.lang.Object, java.lang.Object, java.lang.Object)'> (0x00000000851b58c0) 
thrown [s\open\src\ho
Event: 47.722 Thread 0x000001db42a376f0 Exception <a 'java/lang/NoSuchMethodError'{0x00000000851bc978}: 'java.lang.Object java.lang.invoke.DirectMethodHandle$Holder.invokeSpecial(java.lang.Object, java.lang.Object, java.lang.Object, java.lang.Object, java.lang.Object, java.lang.Object, java.lang.Object, java.lang.Object, java.lang.Object, java.lang.Object, java.lang.Object, java.lang.Object, java.lang.Object, java.lang.Object, java.lang.Object, java.lang.Object, java.lang.Object, java.lang.Object, java.lang.Object)'> (0x00000000851bc978) 
thrown
Event: 47.722 Thread 0x000001db42a376f0 Exception <a 'java/lang/NoSuchMethodError'{0x00000000851c2848}: 'java.lang.Object java.lang.invoke.DelegatingMethodHandle$Holder.reinvoke_L(java.lang.Object, java.lang.Object, java.lang.Object, java.lang.Object, java.lang.Object, java.lang.Object, java.lang.Object, java.lang.Object, java.lang.Object, java.lang.Object, java.lang.Object, java.lang.Object, java.lang.Object, java.lang.Object, java.lang.Object, java.lang.Object, java.lang.Object, java.lang.Object)'> (0x00000000851c2848) 
thrown [s\open\src\hots
Event: 47.734 Thread 0x000001db42a376f0 Exception <a 'java/lang/NoSuchMethodError'{0x000000008505a080}: 'java.lang.Object java.lang.invoke.DirectMethodHandle$Holder.newInvokeSpecial(java.lang.Object, java.lang.Object, java.lang.Object, java.lang.Object, java.lang.Object, java.lang.Object, java.lang.Object, java.lang.Object, java.lang.Object, java.lang.Object, java.lang.Object, java.lang.Object, java.lang.Object, java.lang.Object, java.lang.Object, java.lang.Object, java.lang.Object, java.lang.Object, java.lang.Object, java.lang.Object, java.lang
Event: 47.756 Thread 0x000001db42a376f0 Exception <a 'java/lang/NoSuchMethodError'{0x0000000084fb2ca8}: 'java.lang.Object java.lang.invoke.DirectMethodHandle$Holder.newInvokeSpecial(java.lang.Object, java.lang.Object, java.lang.Object, java.lang.Object, java.lang.Object, java.lang.Object, java.lang.Object, java.lang.Object, java.lang.Object, java.lang.Object, java.lang.Object, java.lang.Object, java.lang.Object)'> (0x0000000084fb2ca8) 
thrown [s\open\src\hotspot\share\interpreter\linkResolver.cpp, line 796]
Event: 48.746 Thread 0x000001db42a376f0 Exception <a 'java/lang/NoSuchMethodError'{0x0000000085e62a80}: 'java.lang.Object java.lang.invoke.DirectMethodHandle$Holder.newInvokeSpecial(java.lang.Object, java.lang.Object, int)'> (0x0000000085e62a80) 
thrown [s\open\src\hotspot\share\interpreter\linkResolver.cpp, line 796]
Event: 48.979 Thread 0x000001db42a376f0 Exception <a 'java/lang/NoSuchMethodError'{0x000000008532e360}: 'java.lang.Object java.lang.invoke.DirectMethodHandle$Holder.newInvokeSpecial(java.lang.Object, java.lang.Object, java.lang.Object, java.lang.Object, int)'> (0x000000008532e360) 
thrown [s\open\src\hotspot\share\interpreter\linkResolver.cpp, line 796]
Event: 48.979 Thread 0x000001db42a376f0 Exception <a 'java/lang/NoSuchMethodError'{0x0000000085333ea8}: 'java.lang.Object java.lang.invoke.DirectMethodHandle$Holder.invokeSpecial(java.lang.Object, java.lang.Object, java.lang.Object, java.lang.Object, java.lang.Object, int)'> (0x0000000085333ea8) 
thrown [s\open\src\hotspot\share\interpreter\linkResolver.cpp, line 796]
Event: 48.980 Thread 0x000001db42a376f0 Exception <a 'java/lang/NoSuchMethodError'{0x0000000085339368}: 'java.lang.Object java.lang.invoke.Invokers$Holder.linkToTargetMethod(java.lang.Object, java.lang.Object, java.lang.Object, int, java.lang.Object)'> (0x0000000085339368) 
thrown [s\open\src\hotspot\share\interpreter\linkResolver.cpp, line 796]
Event: 51.910 Thread 0x000001db42a376f0 Exception <a 'java/lang/NoSuchMethodError'{0x00000000864552a8}: 'java.lang.Object java.lang.invoke.DirectMethodHandle$Holder.newInvokeSpecial(java.lang.Object, java.lang.Object, java.lang.Object, int, int, java.lang.Object, java.lang.Object)'> (0x00000000864552a8) 
thrown [s\open\src\hotspot\share\interpreter\linkResolver.cpp, line 796]
Event: 52.141 Thread 0x000001db42a376f0 Implicit null exception at 0x000001db564710c1 to 0x000001db56471220

VM Operations (20 events):
Event: 51.110 Executing VM operation: HandshakeAllThreads (Deoptimize) done
Event: 51.559 Executing VM operation: G1CollectForAllocation (G1 Evacuation Pause)
Event: 51.570 Executing VM operation: G1CollectForAllocation (G1 Evacuation Pause) done
Event: 52.061 Executing VM operation: HandshakeAllThreads (Deoptimize)
Event: 52.061 Executing VM operation: HandshakeAllThreads (Deoptimize) done
Event: 52.090 Executing VM operation: HandshakeAllThreads (Deoptimize)
Event: 52.090 Executing VM operation: HandshakeAllThreads (Deoptimize) done
Event: 52.291 Executing VM operation: HandshakeAllThreads (Deoptimize)
Event: 52.291 Executing VM operation: HandshakeAllThreads (Deoptimize) done
Event: 52.362 Executing VM operation: G1CollectForAllocation (G1 Evacuation Pause)
Event: 52.368 Executing VM operation: G1CollectForAllocation (G1 Evacuation Pause) done
Event: 52.386 Executing VM operation: HandshakeAllThreads (Deoptimize)
Event: 52.386 Executing VM operation: HandshakeAllThreads (Deoptimize) done
Event: 52.388 Executing VM operation: HandshakeAllThreads (Deoptimize)
Event: 52.388 Executing VM operation: HandshakeAllThreads (Deoptimize) done
Event: 52.739 Executing VM operation: HandshakeAllThreads (Deoptimize)
Event: 52.739 Executing VM operation: HandshakeAllThreads (Deoptimize) done
Event: 54.809 Executing VM operation: G1CollectForAllocation (G1 Evacuation Pause)
Event: 54.813 Executing VM operation: G1CollectForAllocation (G1 Evacuation Pause) done
Event: 54.865 Executing VM operation: G1PauseRemark

Memory protections (0 events):
No events

Nmethod flushes (20 events):
Event: 54.868 Thread 0x000001db6339c700 flushing  nmethod 0x000001db4e80de08
Event: 54.868 Thread 0x000001db6339c700 flushing  nmethod 0x000001db4e80e688
Event: 54.868 Thread 0x000001db6339c700 flushing  nmethod 0x000001db4e80f788
Event: 54.868 Thread 0x000001db6339c700 flushing  nmethod 0x000001db4e89c888
Event: 54.868 Thread 0x000001db6339c700 flushing  nmethod 0x000001db4e89f008
Event: 54.868 Thread 0x000001db6339c700 flushing  nmethod 0x000001db4e8a4288
Event: 54.868 Thread 0x000001db6339c700 flushing  nmethod 0x000001db4e8ffe88
Event: 54.868 Thread 0x000001db6339c700 flushing  nmethod 0x000001db4e991e88
Event: 54.868 Thread 0x000001db6339c700 flushing  nmethod 0x000001db4e998988
Event: 54.868 Thread 0x000001db6339c700 flushing  nmethod 0x000001db4ea14388
Event: 54.868 Thread 0x000001db6339c700 flushing  nmethod 0x000001db4eca5a08
Event: 54.868 Thread 0x000001db6339c700 flushing  nmethod 0x000001db4eca5e88
Event: 54.868 Thread 0x000001db6339c700 flushing  nmethod 0x000001db4ed37388
Event: 54.868 Thread 0x000001db6339c700 flushing  nmethod 0x000001db4ed37f88
Event: 54.868 Thread 0x000001db6339c700 flushing  nmethod 0x000001db4edfb688
Event: 54.868 Thread 0x000001db6339c700 flushing  nmethod 0x000001db4edfd608
Event: 54.868 Thread 0x000001db6339c700 flushing  nmethod 0x000001db4ee22188
Event: 54.868 Thread 0x000001db6339c700 flushing  nmethod 0x000001db4ee22b88
Event: 54.868 Thread 0x000001db6339c700 flushing osr nmethod 0x000001db4ee5d008
Event: 54.868 Thread 0x000001db6339c700 flushing  nmethod 0x000001db4ee5e408

Events (20 events):
Event: 37.027 Thread 0x000001db633dfd00 Thread added: 0x000001db41f25880
Event: 37.568 Thread 0x000001db41f25880 Thread exited: 0x000001db41f25880
Event: 38.636 Thread 0x000001db633dfd00 Thread added: 0x000001db41f273c0
Event: 39.797 Thread 0x000001db41f273c0 Thread exited: 0x000001db41f273c0
Event: 41.286 Thread 0x000001db633dfd00 Thread added: 0x000001db41f273c0
Event: 41.704 Thread 0x000001db41f273c0 Thread exited: 0x000001db41f273c0
Event: 45.073 Thread 0x000001db633dfd00 Thread added: 0x000001db41f28160
Event: 45.696 Thread 0x000001db41f28160 Thread exited: 0x000001db41f28160
Event: 46.334 Thread 0x000001db633dfd00 Thread added: 0x000001db68a63140
Event: 46.480 Thread 0x000001db68a63140 Thread exited: 0x000001db68a63140
Event: 47.559 Thread 0x000001db633dfd00 Thread added: 0x000001db68a63810
Event: 47.989 Thread 0x000001db68a63810 Thread exited: 0x000001db68a63810
Event: 48.407 Thread 0x000001db633dfd00 Thread added: 0x000001db68a64c80
Event: 48.846 Thread 0x000001db68a64c80 Thread exited: 0x000001db68a64c80
Event: 49.024 Thread 0x000001db633dfd00 Thread added: 0x000001db68a63ee0
Event: 51.132 Thread 0x000001db68a63ee0 Thread exited: 0x000001db68a63ee0
Event: 51.140 Thread 0x000001db633dfd00 Thread added: 0x000001db68a66e90
Event: 51.624 Thread 0x000001db68a66e90 Thread exited: 0x000001db68a66e90
Event: 51.646 Thread 0x000001db633ceaa0 Thread added: 0x000001db68a66e90
Event: 52.256 Thread 0x000001db68a66e90 Thread exited: 0x000001db68a66e90


Dynamic libraries:
0x00007ff6c50e0000 - 0x00007ff6c50f0000 	C:\Tools\jdk-23.0.1\bin\java.exe
0x00007ffd8f4c0000 - 0x00007ffd8f723000 	C:\WINDOWS\SYSTEM32\ntdll.dll
0x00007ffd8edb0000 - 0x00007ffd8ee78000 	C:\WINDOWS\System32\KERNEL32.DLL
0x00007ffd8cf60000 - 0x00007ffd8d312000 	C:\WINDOWS\System32\KERNELBASE.dll
0x00007ffd8ca00000 - 0x00007ffd8cb4b000 	C:\WINDOWS\System32\ucrtbase.dll
0x00007ffd5cc80000 - 0x00007ffd5cc9b000 	C:\Tools\jdk-23.0.1\bin\VCRUNTIME140.dll
0x00007ffd5c5f0000 - 0x00007ffd5c607000 	C:\Tools\jdk-23.0.1\bin\jli.dll
0x00007ffd8d860000 - 0x00007ffd8da28000 	C:\WINDOWS\System32\USER32.dll
0x00007ffd71940000 - 0x00007ffd71bd0000 	C:\WINDOWS\WinSxS\amd64_microsoft.windows.common-controls_6595b64144ccf1df_6.0.26100.2454_none_3e0b68a2e331ad60\COMCTL32.dll
0x00007ffd8c890000 - 0x00007ffd8c8b7000 	C:\WINDOWS\System32\win32u.dll
0x00007ffd8e180000 - 0x00007ffd8e229000 	C:\WINDOWS\System32\msvcrt.dll
0x00007ffd8f0a0000 - 0x00007ffd8f0ca000 	C:\WINDOWS\System32\GDI32.dll
0x00007ffd8cb50000 - 0x00007ffd8cc7b000 	C:\WINDOWS\System32\gdi32full.dll
0x00007ffd8c8c0000 - 0x00007ffd8c963000 	C:\WINDOWS\System32\msvcp_win.dll
0x00007ffd8f260000 - 0x00007ffd8f28f000 	C:\WINDOWS\System32\IMM32.DLL
0x00007ffd736a0000 - 0x00007ffd736ac000 	C:\Tools\jdk-23.0.1\bin\vcruntime140_1.dll
0x00007ffd44eb0000 - 0x00007ffd44f3e000 	C:\Tools\jdk-23.0.1\bin\msvcp140.dll
0x00007ffd0b730000 - 0x00007ffd0c47f000 	C:\Tools\jdk-23.0.1\bin\server\jvm.dll
0x00007ffd8f390000 - 0x00007ffd8f444000 	C:\WINDOWS\System32\ADVAPI32.dll
0x00007ffd8f0d0000 - 0x00007ffd8f176000 	C:\WINDOWS\System32\sechost.dll
0x00007ffd8dec0000 - 0x00007ffd8dfd6000 	C:\WINDOWS\System32\RPCRT4.dll
0x00007ffd8f020000 - 0x00007ffd8f094000 	C:\WINDOWS\System32\WS2_32.dll
0x00007ffd8c670000 - 0x00007ffd8c6be000 	C:\WINDOWS\SYSTEM32\POWRPROF.dll
0x00007ffd822e0000 - 0x00007ffd822eb000 	C:\WINDOWS\SYSTEM32\VERSION.dll
0x00007ffd829b0000 - 0x00007ffd829e6000 	C:\WINDOWS\SYSTEM32\WINMM.dll
0x00007ffd8c540000 - 0x00007ffd8c554000 	C:\WINDOWS\SYSTEM32\UMPDC.dll
0x00007ffd8b6d0000 - 0x00007ffd8b6ea000 	C:\WINDOWS\SYSTEM32\kernel.appcore.dll
0x00007ffd73640000 - 0x00007ffd7364a000 	C:\Tools\jdk-23.0.1\bin\jimage.dll
0x00007ffd898a0000 - 0x00007ffd89ae1000 	C:\WINDOWS\SYSTEM32\DBGHELP.DLL
0x00007ffd8e940000 - 0x00007ffd8ecbe000 	C:\WINDOWS\System32\combase.dll
0x00007ffd8f180000 - 0x00007ffd8f256000 	C:\WINDOWS\System32\OLEAUT32.dll
0x00007ffd5b630000 - 0x00007ffd5b669000 	C:\WINDOWS\SYSTEM32\dbgcore.DLL
0x00007ffd8cc80000 - 0x00007ffd8cd19000 	C:\WINDOWS\System32\bcryptPrimitives.dll
0x00007ffd73560000 - 0x00007ffd7356f000 	C:\Tools\jdk-23.0.1\bin\instrument.dll
0x00007ffd59940000 - 0x00007ffd5995e000 	C:\Tools\jdk-23.0.1\bin\java.dll
0x00007ffd8dfe0000 - 0x00007ffd8e179000 	C:\WINDOWS\System32\ole32.dll
0x00007ffd8e230000 - 0x00007ffd8e930000 	C:\WINDOWS\System32\SHELL32.dll
0x00007ffd8a5c0000 - 0x00007ffd8adf1000 	C:\WINDOWS\SYSTEM32\windows.storage.dll
0x00007ffd8d760000 - 0x00007ffd8d83a000 	C:\WINDOWS\System32\SHCORE.dll
0x00007ffd8f2a0000 - 0x00007ffd8f2fd000 	C:\WINDOWS\System32\shlwapi.dll
0x00007ffd8c7a0000 - 0x00007ffd8c7ce000 	C:\WINDOWS\SYSTEM32\profapi.dll
0x00007ffd17850000 - 0x00007ffd17927000 	C:\Tools\jdk-23.0.1\bin\jsvml.dll
0x00007ffd593d0000 - 0x00007ffd593e7000 	C:\Tools\jdk-23.0.1\bin\zip.dll
0x00007ffd70e70000 - 0x00007ffd70e80000 	C:\Tools\jdk-23.0.1\bin\net.dll
0x00007ffd8bbd0000 - 0x00007ffd8bc38000 	C:\WINDOWS\system32\mswsock.dll
0x00007ffd572c0000 - 0x00007ffd572d6000 	C:\Tools\jdk-23.0.1\bin\nio.dll
0x00007ffd70f10000 - 0x00007ffd70f20000 	C:\Tools\jdk-23.0.1\bin\verify.dll
0x00007ffd58fd0000 - 0x00007ffd58ff7000 	C:\Users\sonlt\AndroidStudioProjects\HappyBirthday\.gradle\native\c067742578af261105cb4f569cf0c3c89f3d7b1fecec35dd04571415982c5e48\windows-amd64\native-platform.dll
0x00007ffd16a90000 - 0x00007ffd16bd4000 	C:\Users\sonlt\AndroidStudioProjects\HappyBirthday\.gradle\native\38dada09dfb8b06ba9b0570ebf7e218e3eb74d4ef43ca46872605cf95ebc2f47\windows-amd64\native-platform-file-events.dll
0x00007ffd853b0000 - 0x00007ffd853ba000 	C:\Tools\jdk-23.0.1\bin\management.dll
0x00007ffd78430000 - 0x00007ffd7843b000 	C:\Tools\jdk-23.0.1\bin\management_ext.dll
0x00007ffd8ecd0000 - 0x00007ffd8ecd8000 	C:\WINDOWS\System32\PSAPI.DLL
0x00007ffd8be70000 - 0x00007ffd8be8c000 	C:\WINDOWS\SYSTEM32\CRYPTSP.dll
0x00007ffd8b630000 - 0x00007ffd8b668000 	C:\WINDOWS\system32\rsaenh.dll
0x00007ffd8bc70000 - 0x00007ffd8bc9b000 	C:\WINDOWS\SYSTEM32\USERENV.dll
0x00007ffd8c0b0000 - 0x00007ffd8c0d6000 	C:\WINDOWS\SYSTEM32\bcrypt.dll
0x00007ffd8be90000 - 0x00007ffd8be9c000 	C:\WINDOWS\SYSTEM32\CRYPTBASE.dll
0x00007ffd8b110000 - 0x00007ffd8b142000 	C:\WINDOWS\SYSTEM32\IPHLPAPI.DLL
0x00007ffd8d3a0000 - 0x00007ffd8d3aa000 	C:\WINDOWS\System32\NSI.dll
0x00007ffd734a0000 - 0x00007ffd734a9000 	C:\Tools\jdk-23.0.1\bin\extnet.dll
0x00007ffd73490000 - 0x00007ffd7349e000 	C:\Tools\jdk-23.0.1\bin\sunmscapi.dll
0x00007ffd8cde0000 - 0x00007ffd8cf56000 	C:\WINDOWS\System32\CRYPT32.dll
0x00007ffd8c070000 - 0x00007ffd8c0a0000 	C:\WINDOWS\SYSTEM32\ncrypt.dll
0x00007ffd8c020000 - 0x00007ffd8c05f000 	C:\WINDOWS\SYSTEM32\NTASN1.dll
0x00007ffd58470000 - 0x00007ffd58478000 	C:\WINDOWS\system32\wshunix.dll

dbghelp: loaded successfully - version: 4.0.5 - missing functions: none
symbol engine: initialized successfully - sym options: 0x614 - pdb path: .;C:\Tools\jdk-23.0.1\bin;C:\WINDOWS\SYSTEM32;C:\WINDOWS\WinSxS\amd64_microsoft.windows.common-controls_6595b64144ccf1df_6.0.26100.2454_none_3e0b68a2e331ad60;C:\Tools\jdk-23.0.1\bin\server;C:\Users\sonlt\AndroidStudioProjects\HappyBirthday\.gradle\native\c067742578af261105cb4f569cf0c3c89f3d7b1fecec35dd04571415982c5e48\windows-amd64;C:\Users\sonlt\AndroidStudioProjects\HappyBirthday\.gradle\native\38dada09dfb8b06ba9b0570ebf7e218e3eb74d4ef43ca46872605cf95ebc2f47\windows-amd64

VM Arguments:
jvm_args: --add-opens=java.base/java.util=ALL-UNNAMED --add-opens=java.base/java.lang=ALL-UNNAMED --add-opens=java.base/java.lang.invoke=ALL-UNNAMED --add-opens=java.prefs/java.util.prefs=ALL-UNNAMED --add-opens=java.base/java.nio.charset=ALL-UNNAMED --add-opens=java.base/java.net=ALL-UNNAMED --add-opens=java.base/java.util.concurrent.atomic=ALL-UNNAMED -Xmx2048m -Dfile.encoding=UTF-8 -Duser.country=AU -Duser.language=en -Duser.variant -javaagent:C:\Users\sonlt\AndroidStudioProjects\HappyBirthday\.gradle\wrapper\dists\gradle-8.7-bin\bhs2wmbdwecv87pi65oeuq5iu\gradle-8.7\lib\agents\gradle-instrumentation-agent-8.7.jar 
java_command: org.gradle.launcher.daemon.bootstrap.GradleDaemon 8.7
java_class_path (initial): C:\Users\sonlt\AndroidStudioProjects\HappyBirthday\.gradle\wrapper\dists\gradle-8.7-bin\bhs2wmbdwecv87pi65oeuq5iu\gradle-8.7\lib\gradle-launcher-8.7.jar
Launcher Type: SUN_STANDARD

[Global flags]
     intx CICompilerCount                          = 4                                         {product} {ergonomic}
     uint ConcGCThreads                            = 2                                         {product} {ergonomic}
     uint G1ConcRefinementThreads                  = 8                                         {product} {ergonomic}
   size_t G1HeapRegionSize                         = 1048576                                   {product} {ergonomic}
   size_t InitialHeapSize                          = 130023424                                 {product} {ergonomic}
   size_t MarkStackSize                            = 4194304                                   {product} {ergonomic}
   size_t MarkStackSizeMax                         = 536870912                                 {product} {ergonomic}
   size_t MaxHeapSize                              = 2147483648                                {product} {command line}
   size_t MaxNewSize                               = 1287651328                                {product} {ergonomic}
   size_t MinHeapDeltaBytes                        = 1048576                                   {product} {ergonomic}
   size_t MinHeapSize                              = 8388608                                   {product} {ergonomic}
    uintx NonNMethodCodeHeapSize                   = 5832704                                {pd product} {ergonomic}
    uintx NonProfiledCodeHeapSize                  = 122945536                              {pd product} {ergonomic}
    uintx ProfiledCodeHeapSize                     = 122880000                              {pd product} {ergonomic}
    uintx ReservedCodeCacheSize                    = 251658240                              {pd product} {ergonomic}
     bool SegmentedCodeCache                       = true                                      {product} {ergonomic}
   size_t SoftMaxHeapSize                          = 2147483648                             {manageable} {ergonomic}
     bool UseCompressedOops                        = true                           {product lp64_product} {ergonomic}
     bool UseG1GC                                  = true                                      {product} {ergonomic}
     bool UseLargePagesIndividualAllocation        = false                                  {pd product} {ergonomic}

Logging:
Log output configuration:
 #0: stdout all=warning uptime,level,tags foldmultilines=false
 #1: stderr all=off uptime,level,tags foldmultilines=false

Environment Variables:
JAVA_HOME=C:\Tools\jdk-23.0.1
PATH=C:\Program Files\Common Files\Oracle\Java\javapath;C:\WINDOWS\system32;C:\WINDOWS;C:\WINDOWS\System32\Wbem;C:\WINDOWS\System32\WindowsPowerShell\v1.0\;C:\WINDOWS\System32\OpenSSH\;C:\Program Files\dotnet\;C:\MinGW\bin;C:\Program Files\Git\cmd;C:\Tools\jdk-23.0.1\bin;%JAVA_HOME%\bin;C:\flutter\bin;C:\Windows\System32;C:\Users\sonlt\AppData\Local\Microsoft\WindowsApps;C:\Users\sonlt\AppData\Local\Programs\Microsoft VS Code\bin
USERNAME=sonlt
OS=Windows_NT
PROCESSOR_IDENTIFIER=Intel64 Family 6 Model 140 Stepping 1, GenuineIntel
TMP=C:\Users\sonlt\AppData\Local\Temp
TEMP=C:\Users\sonlt\AppData\Local\Temp




Periodic native trim disabled

---------------  S Y S T E M  ---------------

OS:
 Windows 11 , 64 bit Build 26100 (10.0.26100.2454)
OS uptime: 0 days 8:49 hours

CPU: total 8 (initial active 8) (4 cores per cpu, 2 threads per core) family 6 model 140 stepping 1 microcode 0xb8, cx8, cmov, fxsr, ht, mmx, 3dnowpref, sse, sse2, sse3, ssse3, sse4.1, sse4.2, popcnt, lzcnt, tsc, tscinvbit, avx, avx2, aes, erms, clmul, bmi1, bmi2, adx, avx512f, avx512dq, avx512cd, avx512bw, avx512vl, sha, fma, vzeroupper, avx512_vpopcntdq, avx512_vpclmulqdq, avx512_vaes, avx512_vnni, clflush, clflushopt, clwb, avx512_vbmi2, avx512_vbmi, rdtscp, rdpid, fsrm, gfni, avx512_bitalg, f16c, pku, cet_ibt, cet_ss, avx512_ifma
Processor Information for processor 0
  Max Mhz: 2419, Current Mhz: 2419, Mhz Limit: 2419
Processor Information for processor 1
  Max Mhz: 2419, Current Mhz: 2419, Mhz Limit: 2419
Processor Information for processor 2
  Max Mhz: 2419, Current Mhz: 2419, Mhz Limit: 2419
Processor Information for processor 3
  Max Mhz: 2419, Current Mhz: 2419, Mhz Limit: 2419
Processor Information for processor 4
  Max Mhz: 2419, Current Mhz: 2419, Mhz Limit: 2419
Processor Information for processor 5
  Max Mhz: 2419, Current Mhz: 2419, Mhz Limit: 2419
Processor Information for processor 6
  Max Mhz: 2419, Current Mhz: 2419, Mhz Limit: 2419
Processor Information for processor 7
  Max Mhz: 2419, Current Mhz: 1209, Mhz Limit: 2419

Memory: 4k page, system-wide physical 7914M (560M free)
TotalPageFile size 16106M (AvailPageFile size 17M)
current process WorkingSet (physical memory assigned to process): 291M, peak: 306M
current process commit charge ("private bytes"): 376M, peak: 393M

vm_info: Java HotSpot(TM) 64-Bit Server VM (23.0.1+11-39) for windows-amd64 JRE (23.0.1+11-39), built on 2024-09-30T07:20:43Z with MS VC++ 17.6 (VS2022)

END.
